start 2026-07-11T13:14:04.378Z
airpods-4: skip (already image)
hmd-vibe-2: skip (already image)
infinix-gaming-kit: SKIP no local folder
infinix-gt-30: skip (already image)
infinix-gt-30-pro: skip (already image)
infinix-note-edge: skip (already image)
infinix-smart-10: skip (already image)
infinix-smart-20: skip (already image)
iphone-17: skip (already image)
iphone-17-air: skip (already image)
iphone-17-pro: skip (already image)
iphone-17-pro-max: skip (already image)
iqoo-15: skip (already image)
iqoo-15r: skip (already image)
iqoo-neo-10: skip (already image)
iqoo-z10-lite: skip (already image)
iqoo-z10r: skip (already image)
iqoo-z11x: skip (already image)
moto-60-fusion: skip (already image)
moto-70-fusion: skip (already image)
moto-edge-60: skip (already image)
moto-edge-60-pro: skip (already image)
moto-edge-70-pro: skip (already image)
moto-g06-power: skip (already image)
moto-g37: skip (already image)
moto-g37-power: skip (already image)
moto-g57-power: skip (already image)
moto-g67-power: skip (already image)
moto-g96: skip (already image)
narzo-100-lite: skip (already image)
narzo-80-lite: skip (already image)
narzo-90: skip (already image)
narzo-90x: skip (already image)
narzo-n53: skip (already image)
narzo-power: skip (already image)
oneplus-13: skip (already image)
oneplus-nord-5: skip (already image)
oneplus-nord-6: skip (already image)
oneplus-nord-ce6: skip (already image)
oneplus-nord-ce6-lite: skip (already image)
oneplus-pad-go-2: skip (already image)
oneplus-z2-anc: skip (already image)
oneplus-z3: skip (already image)
oppo-a6x: skip (already image)
oppo-f31-pro-plus: skip (already image)
oppo-f33: skip (already image)
oppo-f33-pro: skip (already image)
oppo-k13: skip (already image)
oppo-k13x: SKIP no local folder
oppo-k14: skip (already image)
oppo-k14x: skip (already image)
oppo-reno-15: skip (already image)
oppo-reno-15-pro-mini: skip (already image)
oppo-reno-15c: skip (already image)
pixel-10: skip (already image)
pixel-10a: skip (already image)
poco-c71: skip (already image)
poco-c85: skip (already image)
poco-c85x: skip (already image)
poco-m7: skip (already image)
poco-m7-plus: skip (already image)
realme-15: skip (already image)
realme-15t: skip (already image)
realme-15x: skip (already image)
realme-16: skip (already image)
realme-16-pro: skip (already image)
realme-16-pro-plus: skip (already image)
realme-16t: skip (already image)
realme-c71: skip (already image)
realme-c83: skip (already image)
realme-p3x: skip (already image)
realme-p4: skip (already image)
realme-p4-lite: skip (already image)
realme-p4-power: skip (already image)
realme-p4x: skip (already image)
realme-pad-2-lite: skip (already image)
redmi-15a: skip (already image)
redmi-15c: skip (already image)
redmi-a4: skip (already image)
redmi-a5: skip (already image)
redmi-a7-pro: skip (already image)
samsung-a06: skip (already image)
samsung-f06: skip (already image)
samsung-f07: skip (already image)
samsung-f36: skip (already image)
samsung-f70e: skip (already image)
samsung-m06: skip (already image)
samsung-m36: skip (already image)
samsung-m56: skip (already image)
samsung-s25-fe: skip (already image)
samsung-s25-ultra: skip (already image)
samsung-s26-plus: skip (already image)
samsung-tab-s10-lite: skip (already image)
vivo-t4: skip (already image)
vivo-t4-lite: skip (already image)
vivo-t4-pro: skip (already image)
vivo-t4-ultra: skip (already image)
vivo-t4r: skip (already image)
vivo-t4x: skip (already image)
vivo-t5-pro: skip (already image)
vivo-t5x: skip (already image)
vivo-v70: skip (already image)
vivo-v70-elite: skip (already image)
vivo-v70-fe: skip (already image)
vivo-y05: skip (already image)
vivo-y11: skip (already image)
vivo-y31: skip (already image)
vivo-y51-pro: skip (already image)
